<?xml version="1.0" encoding="UTF-8"?>
<testsuite name="lesson.tests.FirstTestDataProviderCreateUser" time="0.0" tests="10" errors="0" skipped="0" failures="0">
    <testcase name="FirstTestDataProviderCreateUser.getTestActions" classname="lesson.tests.FirstTestDataProviderCreateUser" time="0.0"/>
    <testcase name="FirstTestDataProviderCreateUser.getTestActions" classname="lesson.tests.FirstTestDataProviderCreateUser" time="0.0"/>
    <testcase name="FirstTestDataProviderCreateUser.getTestActions" classname="lesson.tests.FirstTestDataProviderCreateUser" time="0.0"/>
    <testcase name="FirstTestDataProviderCreateUser.getTestActions" classname="lesson.tests.FirstTestDataProviderCreateUser" time="0.0"/>
    <testcase name="FirstTestDataProviderCreateUser.getTestActions" classname="lesson.tests.FirstTestDataProviderCreateUser" time="0.0"/>
    <testcase name="FirstTestDataProviderCreateUser.getTestActions" classname="lesson.tests.FirstTestDataProviderCreateUser" time="0.0"/>
    <testcase name="FirstTestDataProviderCreateUser.getTestActions" classname="lesson.tests.FirstTestDataProviderCreateUser" time="0.0"/>
    <testcase name="FirstTestDataProviderCreateUser.getTestActions" classname="lesson.tests.FirstTestDataProviderCreateUser" time="0.0"/>
    <testcase name="FirstTestDataProviderCreateUser.getTestActions" classname="lesson.tests.FirstTestDataProviderCreateUser" time="0.0"/>
    <testcase name="FirstTestDataProviderCreateUser.getTestActions" classname="lesson.tests.FirstTestDataProviderCreateUser" time="0.0"/>
</testsuite>