<?xml version="1.0" encoding="UTF-8"?>
<testsuite name="lesson.tests.FirstTestDataProviderGetUser" time="0.0" tests="12" errors="0" skipped="0" failures="0">
    <testcase name="FirstTestDataProviderGetUser.getTestActions" classname="lesson.tests.FirstTestDataProviderGetUser" time="0.0"/>
    <testcase name="FirstTestDataProviderGetUser.getTestActions" classname="lesson.tests.FirstTestDataProviderGetUser" time="0.0"/>
    <testcase name="FirstTestDataProviderGetUser.getTestActions" classname="lesson.tests.FirstTestDataProviderGetUser" time="0.0"/>
    <testcase name="FirstTestDataProviderGetUser.getTestActions" classname="lesson.tests.FirstTestDataProviderGetUser" time="0.0"/>
    <testcase name="FirstTestDataProviderGetUser.getTestActions" classname="lesson.tests.FirstTestDataProviderGetUser" time="0.0"/>
    <testcase name="FirstTestDataProviderGetUser.getTestActions" classname="lesson.tests.FirstTestDataProviderGetUser" time="0.0"/>
    <testcase name="FirstTestDataProviderGetUser.getTestActions" classname="lesson.tests.FirstTestDataProviderGetUser" time="0.0"/>
    <testcase name="FirstTestDataProviderGetUser.getTestActions" classname="lesson.tests.FirstTestDataProviderGetUser" time="0.0"/>
    <testcase name="FirstTestDataProviderGetUser.getTestActions" classname="lesson.tests.FirstTestDataProviderGetUser" time="0.0"/>
    <testcase name="FirstTestDataProviderGetUser.getTestActions" classname="lesson.tests.FirstTestDataProviderGetUser" time="0.0"/>
    <testcase name="FirstTestDataProviderGetUser.getTestActions" classname="lesson.tests.FirstTestDataProviderGetUser" time="0.0"/>
    <testcase name="FirstTestDataProviderGetUser.getTestActions" classname="lesson.tests.FirstTestDataProviderGetUser" time="0.0"/>
</testsuite>